2025-01-29 15:14:23,392 - wavetracker.wavetracker - INFO - Config file from: /home/weygoldt/wrk/tools/wavetracker/wavetracker/cfg.yaml.
2025-01-29 15:14:23,408 - wavetracker.wavetracker - INFO - Loading data from: /mnt/data2/2024_tube_competition/raw/13_33/recordings
2025-01-29 15:14:23,409 - wavetracker.wavetracker - INFO - No pre-analyzed data found.
2025-01-29 15:14:23,410 - wavetracker.wavetracker - INFO - Analysis pipeline initialized.
2025-01-29 15:14:23,410 - wavetracker.wavetracker - INFO - Spectrogram:
-- fine spec: True
-- plotable spec: True
-- signal extract: True
-- snippet size: 65.26s

2025-01-29 15:14:23,411 - wavetracker.wavetracker - INFO - GPU use : True

2025-01-29 15:14:23,609 - wavetracker.wavetracker - DEBUG - Snippet 0 t0: 3.00s
2025-01-29 15:14:25,442 - wavetracker.wavetracker - INFO - Progress 0.0%
-- Spectrogram: 0.42s
-- Harmonic group: 1.41s
--> 1.83s

2025-01-29 15:14:25,885 - wavetracker.wavetracker - DEBUG - Snippet 1 t0: 68.26s
2025-01-29 15:14:26,567 - wavetracker.wavetracker - INFO - Progress 0.5%
-- Spectrogram: 0.35s
-- Harmonic group: 0.32s
--> 0.68s

2025-01-29 15:14:26,920 - wavetracker.wavetracker - DEBUG - Snippet 2 t0: 133.52s
2025-01-29 15:14:27,718 - wavetracker.wavetracker - INFO - Progress 1.0%
-- Spectrogram: 0.48s
-- Harmonic group: 0.32s
--> 0.80s

2025-01-29 15:14:28,125 - wavetracker.wavetracker - DEBUG - Snippet 3 t0: 198.79s
2025-01-29 15:14:28,811 - wavetracker.wavetracker - INFO - Progress 1.4%
-- Spectrogram: 0.36s
-- Harmonic group: 0.32s
--> 0.69s

2025-01-29 15:14:29,190 - wavetracker.wavetracker - DEBUG - Snippet 4 t0: 264.05s
2025-01-29 15:14:30,017 - wavetracker.wavetracker - INFO - Progress 1.9%
-- Spectrogram: 0.51s
-- Harmonic group: 0.32s
--> 0.83s

2025-01-29 15:14:30,911 - wavetracker.wavetracker - DEBUG - Snippet 5 t0: 329.31s
2025-01-29 15:14:31,622 - wavetracker.wavetracker - INFO - Progress 2.4%
-- Spectrogram: 0.38s
-- Harmonic group: 0.33s
--> 0.71s

2025-01-29 15:14:32,027 - wavetracker.wavetracker - DEBUG - Snippet 6 t0: 394.57s
2025-01-29 15:14:32,844 - wavetracker.wavetracker - INFO - Progress 2.9%
-- Spectrogram: 0.49s
-- Harmonic group: 0.32s
--> 0.82s

2025-01-29 15:14:33,170 - wavetracker.wavetracker - DEBUG - Snippet 7 t0: 459.84s
2025-01-29 15:14:33,875 - wavetracker.wavetracker - INFO - Progress 3.4%
-- Spectrogram: 0.37s
-- Harmonic group: 0.33s
--> 0.71s

2025-01-29 15:14:34,245 - wavetracker.wavetracker - DEBUG - Snippet 8 t0: 525.10s
2025-01-29 15:14:35,081 - wavetracker.wavetracker - INFO - Progress 3.9%
-- Spectrogram: 0.51s
-- Harmonic group: 0.32s
--> 0.84s

2025-01-29 15:14:35,449 - wavetracker.wavetracker - DEBUG - Snippet 9 t0: 590.36s
2025-01-29 15:14:36,153 - wavetracker.wavetracker - INFO - Progress 4.3%
-- Spectrogram: 0.37s
-- Harmonic group: 0.33s
--> 0.70s

2025-01-29 15:14:36,532 - wavetracker.wavetracker - DEBUG - Snippet 10 t0: 655.62s
2025-01-29 15:14:37,365 - wavetracker.wavetracker - INFO - Progress 4.8%
-- Spectrogram: 0.50s
-- Harmonic group: 0.33s
--> 0.83s

2025-01-29 15:14:37,696 - wavetracker.wavetracker - DEBUG - Snippet 11 t0: 720.89s
2025-01-29 15:14:38,394 - wavetracker.wavetracker - INFO - Progress 5.3%
-- Spectrogram: 0.37s
-- Harmonic group: 0.32s
--> 0.70s

2025-01-29 15:14:38,775 - wavetracker.wavetracker - DEBUG - Snippet 12 t0: 786.15s
2025-01-29 15:14:39,616 - wavetracker.wavetracker - INFO - Progress 5.8%
-- Spectrogram: 0.50s
-- Harmonic group: 0.34s
--> 0.84s

2025-01-29 15:14:40,021 - wavetracker.wavetracker - DEBUG - Snippet 13 t0: 851.41s
2025-01-29 15:14:40,748 - wavetracker.wavetracker - INFO - Progress 6.3%
-- Spectrogram: 0.40s
-- Harmonic group: 0.33s
--> 0.73s

2025-01-29 15:14:41,092 - wavetracker.wavetracker - DEBUG - Snippet 14 t0: 916.67s
2025-01-29 15:14:41,915 - wavetracker.wavetracker - INFO - Progress 6.8%
-- Spectrogram: 0.50s
-- Harmonic group: 0.32s
--> 0.82s

2025-01-29 15:14:42,280 - wavetracker.wavetracker - DEBUG - Snippet 15 t0: 981.94s
2025-01-29 15:14:43,008 - wavetracker.wavetracker - INFO - Progress 7.2%
-- Spectrogram: 0.38s
-- Harmonic group: 0.34s
--> 0.73s

2025-01-29 15:14:43,391 - wavetracker.wavetracker - DEBUG - Snippet 16 t0: 1047.20s
2025-01-29 15:14:44,240 - wavetracker.wavetracker - INFO - Progress 7.7%
-- Spectrogram: 0.53s
-- Harmonic group: 0.32s
--> 0.85s

2025-01-29 15:14:44,588 - wavetracker.wavetracker - DEBUG - Snippet 17 t0: 1112.46s
2025-01-29 15:14:45,297 - wavetracker.wavetracker - INFO - Progress 8.2%
-- Spectrogram: 0.39s
-- Harmonic group: 0.32s
--> 0.71s

2025-01-29 15:14:45,648 - wavetracker.wavetracker - DEBUG - Snippet 18 t0: 1177.72s
2025-01-29 15:14:46,497 - wavetracker.wavetracker - INFO - Progress 8.7%
-- Spectrogram: 0.52s
-- Harmonic group: 0.33s
--> 0.85s

2025-01-29 15:14:46,849 - wavetracker.wavetracker - DEBUG - Snippet 19 t0: 1242.99s
2025-01-29 15:14:47,583 - wavetracker.wavetracker - INFO - Progress 9.2%
-- Spectrogram: 0.41s
-- Harmonic group: 0.32s
--> 0.73s

2025-01-29 15:14:47,991 - wavetracker.wavetracker - DEBUG - Snippet 20 t0: 1308.25s
2025-01-29 15:14:48,847 - wavetracker.wavetracker - INFO - Progress 9.7%
-- Spectrogram: 0.52s
-- Harmonic group: 0.33s
--> 0.86s

2025-01-29 15:14:49,221 - wavetracker.wavetracker - DEBUG - Snippet 21 t0: 1373.51s
2025-01-29 15:14:49,942 - wavetracker.wavetracker - INFO - Progress 10.1%
-- Spectrogram: 0.40s
-- Harmonic group: 0.32s
--> 0.72s

2025-01-29 15:14:50,300 - wavetracker.wavetracker - DEBUG - Snippet 22 t0: 1438.77s
2025-01-29 15:14:51,150 - wavetracker.wavetracker - INFO - Progress 10.6%
-- Spectrogram: 0.53s
-- Harmonic group: 0.32s
--> 0.85s

2025-01-29 15:14:51,491 - wavetracker.wavetracker - DEBUG - Snippet 23 t0: 1504.04s
2025-01-29 15:14:52,215 - wavetracker.wavetracker - INFO - Progress 11.1%
-- Spectrogram: 0.40s
-- Harmonic group: 0.32s
--> 0.72s

2025-01-29 15:14:52,599 - wavetracker.wavetracker - DEBUG - Snippet 24 t0: 1569.30s
2025-01-29 15:14:53,456 - wavetracker.wavetracker - INFO - Progress 11.6%
-- Spectrogram: 0.53s
-- Harmonic group: 0.32s
--> 0.86s

2025-01-29 15:14:53,788 - wavetracker.wavetracker - DEBUG - Snippet 25 t0: 1634.56s
2025-01-29 15:14:54,551 - wavetracker.wavetracker - INFO - Progress 12.1%
-- Spectrogram: 0.40s
-- Harmonic group: 0.36s
--> 0.76s

2025-01-29 15:14:54,910 - wavetracker.wavetracker - DEBUG - Snippet 26 t0: 1699.82s
2025-01-29 15:14:55,770 - wavetracker.wavetracker - INFO - Progress 12.6%
-- Spectrogram: 0.53s
-- Harmonic group: 0.32s
--> 0.86s

2025-01-29 15:14:56,164 - wavetracker.wavetracker - DEBUG - Snippet 27 t0: 1765.09s
2025-01-29 15:14:56,910 - wavetracker.wavetracker - INFO - Progress 13.0%
-- Spectrogram: 0.41s
-- Harmonic group: 0.34s
--> 0.75s

2025-01-29 15:14:57,307 - wavetracker.wavetracker - DEBUG - Snippet 28 t0: 1830.35s
2025-01-29 15:14:58,169 - wavetracker.wavetracker - INFO - Progress 13.5%
-- Spectrogram: 0.54s
-- Harmonic group: 0.32s
--> 0.86s

2025-01-29 15:14:58,499 - wavetracker.wavetracker - DEBUG - Snippet 29 t0: 1895.61s
2025-01-29 15:14:59,232 - wavetracker.wavetracker - INFO - Progress 14.0%
-- Spectrogram: 0.41s
-- Harmonic group: 0.32s
--> 0.73s

2025-01-29 15:14:59,570 - wavetracker.wavetracker - DEBUG - Snippet 30 t0: 1960.87s
2025-01-29 15:15:00,501 - wavetracker.wavetracker - INFO - Progress 14.5%
-- Spectrogram: 0.55s
-- Harmonic group: 0.38s
--> 0.93s

2025-01-29 15:15:00,920 - wavetracker.wavetracker - DEBUG - Snippet 31 t0: 2026.14s
2025-01-29 15:15:01,696 - wavetracker.wavetracker - INFO - Progress 15.0%
-- Spectrogram: 0.41s
-- Harmonic group: 0.36s
--> 0.78s

2025-01-29 15:15:02,024 - wavetracker.wavetracker - DEBUG - Snippet 32 t0: 2091.40s
